<?xml version="1.0" encoding="UTF-8"?>
<!-- Generated by org.testng.reporters.JUnitReportReporter -->
<testsuite skipped="0" hostname="Pratibha-Bhawan" name="com.viome.regressiontest.RegressionTest" tests="1" failures="0" timestamp="06 Sep 2019 17:47:02 GMT" time="0.014" errors="0">
  <testcase name="f" time="0.014" classname="com.viome.regressiontest.RegressionTest"/>
</testsuite> <!-- com.viome.regressiontest.RegressionTest -->
