<?xml version="1.0" encoding="UTF-8"?>
<!-- Generated by org.testng.reporters.JUnitReportReporter -->
<testsuite skipped="0" hostname="Pratibha-Bhawan" name="regressionTest.RegressionTest" tests="1" failures="0" timestamp="09 Sep 2019 08:39:19 GMT" time="0.008" errors="0">
  <testcase name="f" time="0.008" classname="regressionTest.RegressionTest"/>
</testsuite> <!-- regressionTest.RegressionTest -->
